<?xml version="1.0" encoding="UTF-8"?>
<testng-results skipped="0" failed="0" ignored="0" total="1" passed="1">
  <reporter-output>
  </reporter-output>
  <suite name="Default suite" duration-ms="83568" started-at="2019-12-26T21:30:05 CET" finished-at="2019-12-26T21:31:28 CET">
    <groups>
    </groups>
    <test name="Default test" duration-ms="83568" started-at="2019-12-26T21:30:05 CET" finished-at="2019-12-26T21:31:28 CET">
      <class name="main.MainTest">
        <test-method status="PASS" signature="PetStoreTests()[pri:0, instance:main.MainTest@3a5ed7a6]" name="PetStoreTests" duration-ms="83271" started-at="2019-12-26T21:30:05 CET" finished-at="2019-12-26T21:31:28 CET">
          <reporter-output>
          </reporter-output>
        </test-method> <!-- PetStoreTests -->
      </class> <!-- main.MainTest -->
    </test> <!-- Default test -->
  </suite> <!-- Default suite -->
</testng-results>
